Unity Editor version:    2020.3.25f1 (9b9180224418)
Branch:                  2020.3/staging
Build type:              Release
Batch mode:              YES
macOS version:           Version 12.3 (Build 21E230)
Darwin version:          21.4.0
Architecture:            x86_64
Running under Rosetta:   NO
Available memory:        16384 MB
Using pre-set license
Pro License: NO

COMMAND LINE ARGUMENTS:
/Applications/Unity/Hub/Editor/2020.3.25f1/Unity.app/Contents/MacOS/Unity
-adb2
-batchMode
-noUpm
-name
AssetImportWorker0
-projectPath
/Users/nolanwaldschmidt/Documents/GitHub/COSC260/3D RPG Game
-logFile
Logs/AssetImportWorker0.log
-srvPort
61455
Successfully changed project path to: /Users/nolanwaldschmidt/Documents/GitHub/COSC260/3D RPG Game
/Users/nolanwaldschmidt/Documents/GitHub/COSC260/3D RPG Game
Using Asset Import Pipeline V2.
Refreshing native plugins compatible for Editor in 51.57 ms, found 2 plugins.
Preloading 0 native plugins for Editor in 0.00 ms.
Initialize engine version: 2020.3.25f1 (9b9180224418)
[Subsystems] Discovering subsystems at path /Applications/Unity/Hub/Editor/2020.3.25f1/Unity.app/Contents/Resources/UnitySubsystems
[Subsystems] Discovering subsystems at path /Users/nolanwaldschmidt/Documents/GitHub/COSC260/3D RPG Game/Assets
GfxDevice: creating device client; threaded=0
2022-03-30 22:53:02.166 Unity[38057:1563979] Color LCD preferred device: Intel(R) Iris(TM) Plus Graphics 655 (low power)
2022-03-30 22:53:02.167 Unity[38057:1563979] Metal devices available: 1
2022-03-30 22:53:02.167 Unity[38057:1563979] 0: Intel(R) Iris(TM) Plus Graphics 655 (low power)
2022-03-30 22:53:02.167 Unity[38057:1563979] Using device Intel(R) Iris(TM) Plus Graphics 655 (low power)
Initializing Metal device caps: Intel(R) Iris(TM) Plus Graphics 655
Initialize mono
Mono path[0] = '/Applications/Unity/Hub/Editor/2020.3.25f1/Unity.app/Contents/Managed'
Mono path[1] = '/Applications/Unity/Hub/Editor/2020.3.25f1/Unity.app/Contents/MonoBleedingEdge/lib/mono/unityjit'
Mono config path = '/Applications/Unity/Hub/Editor/2020.3.25f1/Unity.app/Contents/MonoBleedingEdge/etc'
Using monoOptions --debugger-agent=transport=dt_socket,embedding=1,server=y,suspend=n,address=127.0.0.1:56057
Begin MonoManager ReloadAssembly
Registering precompiled unity dll's ...
Register platform support module: /Applications/Unity/Hub/Editor/2020.3.25f1/PlaybackEngines/WebGLSupport/UnityEditor.WebGL.Extensions.dll
Register platform support module: /Applications/Unity/Hub/Editor/2020.3.25f1/Unity.app/Contents/PlaybackEngines/MacStandaloneSupport/UnityEditor.OSXStandalone.Extensions.dll
Registered in 0.000485 seconds.
Native extension for OSXStandalone target not found
Native extension for WebGL target not found
Refreshing native plugins compatible for Editor in 48.09 ms, found 2 plugins.
Preloading 0 native plugins for Editor in 0.00 ms.
Mono: successfully reloaded assembly
- Completed reload, in  0.818 seconds
Domain Reload Profiling:
	ReloadAssembly (819ms)
		BeginReloadAssembly (57ms)
			ExecutionOrderSort (0ms)
			DisableScriptedObjects (0ms)
			BackupInstance (0ms)
			ReleaseScriptingObjects (0ms)
			CreateAndSetChildDomain (1ms)
		EndReloadAssembly (646ms)
			LoadAssemblies (57ms)
			RebuildTransferFunctionScriptingTraits (0ms)
			SetupTypeCache (256ms)
			ReleaseScriptCaches (0ms)
			RebuildScriptCaches (50ms)
			SetupLoadedEditorAssemblies (233ms)
				LogAssemblyErrors (0ms)
				InitializePlatformSupportModulesInManaged (6ms)
				SetLoadedEditorAssemblies (0ms)
				RefreshPlugins (48ms)
				BeforeProcessingInitializeOnLoad (13ms)
				ProcessInitializeOnLoadAttributes (129ms)
				ProcessInitializeOnLoadMethodAttributes (36ms)
				AfterProcessingInitializeOnLoad (0ms)
				EditorAssembliesLoaded (0ms)
			ExecutionOrderSort2 (0ms)
			AwakeInstancesAfterBackupRestoration (0ms)
Platform modules already initialized, skipping
Registering precompiled user dll's ...
Registered in 0.001741 seconds.
Begin MonoManager ReloadAssembly
Native extension for OSXStandalone target not found
Native extension for WebGL target not found
Refreshing native plugins compatible for Editor in 0.69 ms, found 2 plugins.
Preloading 0 native plugins for Editor in 0.00 ms.
Mono: successfully reloaded assembly
- Completed reload, in  1.444 seconds
Domain Reload Profiling:
	ReloadAssembly (1445ms)
		BeginReloadAssembly (207ms)
			ExecutionOrderSort (0ms)
			DisableScriptedObjects (7ms)
			BackupInstance (0ms)
			ReleaseScriptingObjects (0ms)
			CreateAndSetChildDomain (32ms)
		EndReloadAssembly (1144ms)
			LoadAssemblies (100ms)
			RebuildTransferFunctionScriptingTraits (0ms)
			SetupTypeCache (375ms)
			ReleaseScriptCaches (0ms)
			RebuildScriptCaches (56ms)
			SetupLoadedEditorAssemblies (453ms)
				LogAssemblyErrors (0ms)
				InitializePlatformSupportModulesInManaged (8ms)
				SetLoadedEditorAssemblies (1ms)
				RefreshPlugins (1ms)
				BeforeProcessingInitializeOnLoad (105ms)
				ProcessInitializeOnLoadAttributes (325ms)
				ProcessInitializeOnLoadMethodAttributes (12ms)
				AfterProcessingInitializeOnLoad (1ms)
				EditorAssembliesLoaded (0ms)
			ExecutionOrderSort2 (0ms)
			AwakeInstancesAfterBackupRestoration (9ms)
Platform modules already initialized, skipping
Validating Project structure ... 0.011528 seconds.
Shader import version has changed; will reimport all shaders...
Upgrading shader files ...0.011529 seconds.
Application.AssetDatabase Initial Script Refresh Start
RefreshInfo: InitialScriptRefreshV2(NoUpdateAssetOptions) scanfilter:  ... 1 filters
RefreshProfiler: Total: 0.000ms
Application.AssetDatabase Initial Script Refresh End
Application.AssetDatabase.Refresh Start
Application.AssetDatabase.Refresh End
RefreshInfo: StopAssetImportingV2(ForceSynchronousImport) scanfilter: 
RefreshProfiler: Total: 0.000ms
Launching external process: /Applications/Unity/Hub/Editor/2020.3.25f1/Unity.app/Contents/Tools/UnityShaderCompiler
Launched and connected shader compiler UnityShaderCompiler after 0.01 seconds
Initializing Unity extensions:
2022-03-30 22:53:05.155 Unity[38057:1563979] NSEventModifierFlagFunction specified to -setKeyEquivalentModifierMask: for item <NSMenuItem: 0x6000030a5f80 Font Asset, ke='Command-F12'>, but is only supported for system-provided menu items; will not be used
2022-03-30 22:53:05.158 Unity[38057:1563979] NSEventModifierFlagFunction specified to -setKeyEquivalentModifierMask: for item <NSMenuItem: 0x6000030b56c0 Font Asset, ke='Command-F12'>, but is only supported for system-provided menu items; will not be used
========================================================================
Worker process is ready to serve import requests
Refreshing native plugins compatible for Editor in 0.89 ms, found 2 plugins.
Preloading 0 native plugins for Editor in 0.00 ms.
Unloading 1501 Unused Serialized files (Serialized files now loaded: 0)
System memory in use before: 161.4 MB.
System memory in use after: 160.6 MB.

Unloading 80 unused Assets to reduce memory usage. Loaded Objects now: 1972.
Total: 3.532500 ms (FindLiveObjects: 0.187335 ms CreateObjectMapping: 0.060986 ms MarkObjects: 2.720425 ms  DeleteObjects: 0.562040 ms)

AssetImportParameters requested are different than current active one (requested -> active):
  custom:video-decoder-ogg-theora: a1e56fd34408186e4bbccfd4996cb3dc -> 
  custom:container-muxer-webm: aa71ff27fc2769a1b78a27578f13a17b -> 
  custom:container-demuxer-webm: 4f35f7cbe854078d1ac9338744f61a02 -> 
  custom:container-demuxer-ogg: 62fdf1f143b41e24485cea50d1cbac27 -> 
  custom:video-encoder-webm-vp8: eb34c28f22e8b96e1ab97ce403110664 -> 
  custom:framework-osx-AVFoundation: e770b220cccbd017edd2c1fefb359320 -> 
  custom:video-decoder-webm-vp8: 9c59270c3fd7afecdb556c50c9e8de78 -> 
  custom:audio-decoder-ogg-vorbis: bf7c407c2cedff20999df2af8eb42d56 -> 
  custom:audio-encoder-webm-vorbis: bf7c407c2cedff20999df2af8eb42d56 -> 
========================================================================
Received Import Request.
  path: Assets/PolygonPirates/Prefabs/Environments/SM_Env_Sunflower_01.prefab
  artifactKey: Guid(a26974fe806d0b54c979c7ef7bd2b3ef) Importer(815301076,1909f56bfc062723c751e8b465ee728b)
Start importing Assets/PolygonPirates/Prefabs/Environments/SM_Env_Sunflower_01.prefab using Guid(a26974fe806d0b54c979c7ef7bd2b3ef) Importer(815301076,1909f56bfc062723c751e8b465ee728b)  -> (artifact id: 'e5a968929399539fb839fecfd619cbe9') in 1.033082 seconds 
  Import took 1.036919 seconds .

========================================================================
Received Import Request.
  Time since last request: 0.000238 seconds.
  path: Assets/PolygonPirates/Prefabs/Environments/SM_Env_Tree_Large_02.prefab
  artifactKey: Guid(5020b8d7aa9cd7a46a242706ea6cdcb9) Importer(815301076,1909f56bfc062723c751e8b465ee728b)
Start importing Assets/PolygonPirates/Prefabs/Environments/SM_Env_Tree_Large_02.prefab using Guid(5020b8d7aa9cd7a46a242706ea6cdcb9) Importer(815301076,1909f56bfc062723c751e8b465ee728b)  -> (artifact id: 'e36fa9684314c60965b5c882016d19e6') in 0.025326 seconds 
  Import took 0.028566 seconds .

========================================================================
Received Import Request.
  Time since last request: 0.000299 seconds.
  path: Assets/PolygonPirates/Prefabs/Environments/SM_Env_Tree_Vines_02.prefab
  artifactKey: Guid(d66b02cc8edfab74ea7962d65224bfb4) Importer(815301076,1909f56bfc062723c751e8b465ee728b)
Start importing Assets/PolygonPirates/Prefabs/Environments/SM_Env_Tree_Vines_02.prefab using Guid(d66b02cc8edfab74ea7962d65224bfb4) Importer(815301076,1909f56bfc062723c751e8b465ee728b)  -> (artifact id: '12e69a4b6de8556b092696573e94e680') in 0.038529 seconds 
  Import took 0.041357 seconds .

========================================================================
Received Import Request.
  Time since last request: 0.000200 seconds.
  path: Assets/PolygonPirates/Prefabs/Environments/SM_Env_Tree_Vines_05.prefab
  artifactKey: Guid(7a0f2da323bd14e478d9c20dfb5dad6a) Importer(815301076,1909f56bfc062723c751e8b465ee728b)
Start importing Assets/PolygonPirates/Prefabs/Environments/SM_Env_Tree_Vines_05.prefab using Guid(7a0f2da323bd14e478d9c20dfb5dad6a) Importer(815301076,1909f56bfc062723c751e8b465ee728b)  -> (artifact id: 'a348f17ec642d25917a6afc2a68618cb') in 0.010132 seconds 
  Import took 0.012347 seconds .

========================================================================
Received Import Request.
  Time since last request: 0.000204 seconds.
  path: Assets/PolygonPirates/Prefabs/Environments/SM_Env_SmallRock_01.prefab
  artifactKey: Guid(9259de520b01f014399227190d1a6e94) Importer(815301076,1909f56bfc062723c751e8b465ee728b)
Start importing Assets/PolygonPirates/Prefabs/Environments/SM_Env_SmallRock_01.prefab using Guid(9259de520b01f014399227190d1a6e94) Importer(815301076,1909f56bfc062723c751e8b465ee728b)  -> (artifact id: 'd56019ed7fc82863854c6847e711fb2e') in 0.009045 seconds 
  Import took 0.011185 seconds .

========================================================================
Received Import Request.
  Time since last request: 0.000184 seconds.
  path: Assets/PolygonPirates/Prefabs/Environments/SM_Env_Tree_Base_01.prefab
  artifactKey: Guid(92bb6e2f8fc23254f8d299b6f2b7601c) Importer(815301076,1909f56bfc062723c751e8b465ee728b)
Start importing Assets/PolygonPirates/Prefabs/Environments/SM_Env_Tree_Base_01.prefab using Guid(92bb6e2f8fc23254f8d299b6f2b7601c) Importer(815301076,1909f56bfc062723c751e8b465ee728b)  -> (artifact id: 'c773e7b1d5968cf1207368243412704f') in 0.011030 seconds 
  Import took 0.013109 seconds .

========================================================================
Received Import Request.
  Time since last request: 0.000202 seconds.
  path: Assets/PolygonPirates/Prefabs/Environments/SM_Env_Tile_Grass_01.prefab
  artifactKey: Guid(c8e0036d1bcbc5f47b80672ab3051ad0) Importer(815301076,1909f56bfc062723c751e8b465ee728b)
Start importing Assets/PolygonPirates/Prefabs/Environments/SM_Env_Tile_Grass_01.prefab using Guid(c8e0036d1bcbc5f47b80672ab3051ad0) Importer(815301076,1909f56bfc062723c751e8b465ee728b)  -> (artifact id: 'aac2e534e4fadce3a943b88a79fc4b62') in 0.009492 seconds 
  Import took 0.011738 seconds .

========================================================================
Received Import Request.
  Time since last request: 0.000190 seconds.
  path: Assets/PolygonPirates/Prefabs/Environments/SM_Env_Tree_Base_02.prefab
  artifactKey: Guid(dea130fa14f34fe4d9c01cc7f1e7f142) Importer(815301076,1909f56bfc062723c751e8b465ee728b)
Start importing Assets/PolygonPirates/Prefabs/Environments/SM_Env_Tree_Base_02.prefab using Guid(dea130fa14f34fe4d9c01cc7f1e7f142) Importer(815301076,1909f56bfc062723c751e8b465ee728b)  -> (artifact id: '8cec35e1fb58c301497e02e55f2e0bf4') in 0.010150 seconds 
  Import took 0.012483 seconds .

========================================================================
Received Import Request.
  Time since last request: 0.000189 seconds.
  path: Assets/PolygonPirates/Prefabs/Environments/SM_Env_Tile_Sand_01.prefab
  artifactKey: Guid(6d2853b9421ab6840a07a97d66fcef8c) Importer(815301076,1909f56bfc062723c751e8b465ee728b)
Start importing Assets/PolygonPirates/Prefabs/Environments/SM_Env_Tile_Sand_01.prefab using Guid(6d2853b9421ab6840a07a97d66fcef8c) Importer(815301076,1909f56bfc062723c751e8b465ee728b)  -> (artifact id: 'e937c525d8d0b8c60ca2c6c32d4b35ba') in 0.009508 seconds 
  Import took 0.011700 seconds .

========================================================================
Received Import Request.
  Time since last request: 0.000217 seconds.
  path: Assets/PolygonPirates/Prefabs/Environments/SM_Env_Tree_Large_01.prefab
  artifactKey: Guid(321738444332ed24e8d7fc0d1ef11e00) Importer(815301076,1909f56bfc062723c751e8b465ee728b)
Start importing Assets/PolygonPirates/Prefabs/Environments/SM_Env_Tree_Large_01.prefab using Guid(321738444332ed24e8d7fc0d1ef11e00) Importer(815301076,1909f56bfc062723c751e8b465ee728b)  -> (artifact id: 'c84510cf2e398ae4b0b832cd9b1b5acb') in 0.012018 seconds 
  Import took 0.014140 seconds .

========================================================================
Received Import Request.
  Time since last request: 0.000175 seconds.
  path: Assets/PolygonPirates/Prefabs/Environments/SM_Env_Tree_Vines_01.prefab
  artifactKey: Guid(509ce055e3e7b2e458b05260bdf87f7e) Importer(815301076,1909f56bfc062723c751e8b465ee728b)
Start importing Assets/PolygonPirates/Prefabs/Environments/SM_Env_Tree_Vines_01.prefab using Guid(509ce055e3e7b2e458b05260bdf87f7e) Importer(815301076,1909f56bfc062723c751e8b465ee728b)  -> (artifact id: '31343fc3c579517e360f91668bdc4901') in 0.010566 seconds 
  Import took 0.012739 seconds .

========================================================================
Received Import Request.
  Time since last request: 0.000203 seconds.
  path: Assets/PolygonPirates/Prefabs/Environments/SM_Env_Tree_Canopy_02.prefab
  artifactKey: Guid(8f32dea8429dc6b49aac2dca757a9965) Importer(815301076,1909f56bfc062723c751e8b465ee728b)
Start importing Assets/PolygonPirates/Prefabs/Environments/SM_Env_Tree_Canopy_02.prefab using Guid(8f32dea8429dc6b49aac2dca757a9965) Importer(815301076,1909f56bfc062723c751e8b465ee728b)  -> (artifact id: '4544fcdaaa30e1cfa5656c745b2cdbd3') in 0.010097 seconds 
  Import took 0.012399 seconds .

========================================================================
Received Import Request.
  Time since last request: 0.000389 seconds.
  path: Assets/PolygonPirates/Prefabs/Environments/SM_Env_Vines_Wall_01.prefab
  artifactKey: Guid(9fe63ff9933af7642a3ee957dde531f1) Importer(815301076,1909f56bfc062723c751e8b465ee728b)
Start importing Assets/PolygonPirates/Prefabs/Environments/SM_Env_Vines_Wall_01.prefab using Guid(9fe63ff9933af7642a3ee957dde531f1) Importer(815301076,1909f56bfc062723c751e8b465ee728b)  -> (artifact id: 'a670fdc614bc6bbf10c3802fdaf10354') in 0.015802 seconds 
  Import took 0.022371 seconds .

========================================================================
Received Import Request.
  Time since last request: 0.002181 seconds.
  path: Assets/PolygonPirates/Prefabs/Environments/SM_Env_SmallRock_02.prefab
  artifactKey: Guid(b91d607ee88cbd84d83fd6dca90b1338) Importer(815301076,1909f56bfc062723c751e8b465ee728b)
Start importing Assets/PolygonPirates/Prefabs/Environments/SM_Env_SmallRock_02.prefab using Guid(b91d607ee88cbd84d83fd6dca90b1338) Importer(815301076,1909f56bfc062723c751e8b465ee728b)  -> (artifact id: 'a4598a46ce790cd0c245256b6ab8cd76') in 0.042467 seconds 
  Import took 0.046239 seconds .

========================================================================
Received Import Request.
  Time since last request: 0.001760 seconds.
  path: Assets/PolygonPirates/Prefabs/Environments/SM_Env_Tree_Canopy_01.prefab
  artifactKey: Guid(cfca1c089299e6d4bb39400674ffee14) Importer(815301076,1909f56bfc062723c751e8b465ee728b)
Start importing Assets/PolygonPirates/Prefabs/Environments/SM_Env_Tree_Canopy_01.prefab using Guid(cfca1c089299e6d4bb39400674ffee14) Importer(815301076,1909f56bfc062723c751e8b465ee728b)  -> (artifact id: 'c1f9c53df214566a6b1a446f811e807d') in 0.020265 seconds 
  Import took 0.024003 seconds .

========================================================================
Received Import Request.
  Time since last request: 0.000278 seconds.
  path: Assets/PolygonPirates/Prefabs/Environments/SM_Env_Tree_Canopy_03.prefab
  artifactKey: Guid(c299059ada8bdd84caa1932d26a54eae) Importer(815301076,1909f56bfc062723c751e8b465ee728b)
Start importing Assets/PolygonPirates/Prefabs/Environments/SM_Env_Tree_Canopy_03.prefab using Guid(c299059ada8bdd84caa1932d26a54eae) Importer(815301076,1909f56bfc062723c751e8b465ee728b)  -> (artifact id: '67ca5d34a36da5063477d79202d691b5') in 0.026242 seconds 
  Import took 0.029019 seconds .

========================================================================
Received Import Request.
  Time since last request: 0.000190 seconds.
  path: Assets/PolygonPirates/Prefabs/Environments/SM_Env_Tree_Dead_01.prefab
  artifactKey: Guid(7bdfc15b94969874783c8029d8b918d8) Importer(815301076,1909f56bfc062723c751e8b465ee728b)
Start importing Assets/PolygonPirates/Prefabs/Environments/SM_Env_Tree_Dead_01.prefab using Guid(7bdfc15b94969874783c8029d8b918d8) Importer(815301076,1909f56bfc062723c751e8b465ee728b)  -> (artifact id: 'cd11e0f683d74f943441b1ae22a2dda7') in 0.019554 seconds 
  Import took 0.039842 seconds .

========================================================================
Received Import Request.
  Time since last request: 0.000288 seconds.
  path: Assets/PolygonPirates/Prefabs/Environments/SM_Env_SugarCane_01.prefab
  artifactKey: Guid(35bd99c1488c08c408272995ac5ca931) Importer(815301076,1909f56bfc062723c751e8b465ee728b)
Start importing Assets/PolygonPirates/Prefabs/Environments/SM_Env_SugarCane_01.prefab using Guid(35bd99c1488c08c408272995ac5ca931) Importer(815301076,1909f56bfc062723c751e8b465ee728b)  -> (artifact id: '2f7a4ce484c1b9af29703ab6670c2099') in 0.010809 seconds 
  Import took 0.013862 seconds .

========================================================================
Received Import Request.
  Time since last request: 0.000363 seconds.
  path: Assets/PolygonPirates/Prefabs/Environments/SM_Env_SugarCane_02.prefab
  artifactKey: Guid(5666d57f599f2a04383a26b03b4c2b7e) Importer(815301076,1909f56bfc062723c751e8b465ee728b)
Start importing Assets/PolygonPirates/Prefabs/Environments/SM_Env_SugarCane_02.prefab using Guid(5666d57f599f2a04383a26b03b4c2b7e) Importer(815301076,1909f56bfc062723c751e8b465ee728b)  -> (artifact id: '98e330d51b418b2eb9c107bc178ed374') in 0.015486 seconds 
  Import took 0.035509 seconds .

========================================================================
Received Import Request.
  Time since last request: 0.000260 seconds.
  path: Assets/PolygonPirates/Prefabs/Environments/SM_Env_Seaweed_01.prefab
  artifactKey: Guid(e79e86cd9ea5dbe4bbeb9bab81514c72) Importer(815301076,1909f56bfc062723c751e8b465ee728b)
Start importing Assets/PolygonPirates/Prefabs/Environments/SM_Env_Seaweed_01.prefab using Guid(e79e86cd9ea5dbe4bbeb9bab81514c72) Importer(815301076,1909f56bfc062723c751e8b465ee728b)  -> (artifact id: 'd1d4e82941d71191d00dd1568f593e5e') in 0.010528 seconds 
  Import took 0.013088 seconds .

========================================================================
Received Import Request.
  Time since last request: 0.000272 seconds.
  path: Assets/PolygonPirates/Prefabs/Environments/SM_Env_Tree_Canopy_04.prefab
  artifactKey: Guid(fa968fd5cd6b6c04f96dc2a247a893b5) Importer(815301076,1909f56bfc062723c751e8b465ee728b)
Start importing Assets/PolygonPirates/Prefabs/Environments/SM_Env_Tree_Canopy_04.prefab using Guid(fa968fd5cd6b6c04f96dc2a247a893b5) Importer(815301076,1909f56bfc062723c751e8b465ee728b)  -> (artifact id: '1f83edfc7369ff47f1ca0dbc5f2f421f') in 0.010492 seconds 
  Import took 0.012892 seconds .

========================================================================
Received Import Request.
  Time since last request: 0.000201 seconds.
  path: Assets/PolygonPirates/Prefabs/Environments/SM_Env_Tree_Vines_03.prefab
  artifactKey: Guid(8a7535e51b66a0446aa434e60175373d) Importer(815301076,1909f56bfc062723c751e8b465ee728b)
Start importing Assets/PolygonPirates/Prefabs/Environments/SM_Env_Tree_Vines_03.prefab using Guid(8a7535e51b66a0446aa434e60175373d) Importer(815301076,1909f56bfc062723c751e8b465ee728b)  -> (artifact id: '7e848eb0eb17aacf3e492fac6ef9c71c') in 0.011357 seconds 
  Import took 0.013646 seconds .

========================================================================
Received Import Request.
  Time since last request: 0.000389 seconds.
  path: Assets/PolygonPirates/Prefabs/Environments/SM_Env_Sunflower_02.prefab
  artifactKey: Guid(cf6d77aef58c04146b5f9e2856e2d912) Importer(815301076,1909f56bfc062723c751e8b465ee728b)
Start importing Assets/PolygonPirates/Prefabs/Environments/SM_Env_Sunflower_02.prefab using Guid(cf6d77aef58c04146b5f9e2856e2d912) Importer(815301076,1909f56bfc062723c751e8b465ee728b)  -> (artifact id: 'e5dfc087e4c95afc155ee91f626641a5') in 0.034416 seconds 
  Import took 0.037576 seconds .

========================================================================
Received Import Request.
  Time since last request: 0.000249 seconds.
  path: Assets/PolygonPirates/Prefabs/Environments/SM_Env_Vines_Wall_02.prefab
  artifactKey: Guid(e083095d1873f8b488e6381dbb9c2c15) Importer(815301076,1909f56bfc062723c751e8b465ee728b)
Start importing Assets/PolygonPirates/Prefabs/Environments/SM_Env_Vines_Wall_02.prefab using Guid(e083095d1873f8b488e6381dbb9c2c15) Importer(815301076,1909f56bfc062723c751e8b465ee728b)  -> (artifact id: '7b1a8b268c308637165b7143f7ddb0c5') in 0.018035 seconds 
  Import took 0.037450 seconds .

========================================================================
Received Import Request.
  Time since last request: 0.000240 seconds.
  path: Assets/PolygonPirates/Prefabs/Environments/SM_Env_Tree_Vines_04.prefab
  artifactKey: Guid(d9a079c452b648a4cbefe15bb9c53316) Importer(815301076,1909f56bfc062723c751e8b465ee728b)
Start importing Assets/PolygonPirates/Prefabs/Environments/SM_Env_Tree_Vines_04.prefab using Guid(d9a079c452b648a4cbefe15bb9c53316) Importer(815301076,1909f56bfc062723c751e8b465ee728b)  -> (artifact id: '5b46713aa2e07cdb342301704ab5203f') in 0.011449 seconds 
  Import took 0.014560 seconds .

AssetImportWorkerClient::OnTransportError - code=2 error=End of file
